<?xml version="1.0" encoding="UTF-8"?>
<!-- Generated by org.testng.reporters.JUnitReportReporter -->
<testsuite hostname="LAPTOP-L6NV6JE3" failures="0" tests="3" name="allprojectlists.Project_25" time="21.768" errors="0" timestamp="2024-08-01T21:05:46 IST" skipped="0">
  <testcase classname="allprojectlists.Project_25" name="test" time="6.394"/>
  <system-out/>
  <testcase classname="allprojectlists.Project_25" name="test3" time="6.776"/>
  <system-out/>
  <testcase classname="allprojectlists.Project_25" name="test2" time="8.598"/>
  <system-out/>
</testsuite> <!-- allprojectlists.Project_25 -->
